2017-05-21 15:34:52,375 INFO o.a.j.u.JMeterUtils: Setting Locale to en_US
2017-05-21 15:34:52,384 INFO o.a.j.JMeter: Loading user properties from: user.properties
2017-05-21 15:34:52,384 INFO o.a.j.JMeter: Loading system properties from: system.properties
2017-05-21 15:34:52,384 INFO o.a.j.JMeter: Setting JMeter property: jmeter.save.saveservice.output_format=xml
2017-05-21 15:34:52,384 INFO o.a.j.JMeter: Setting JMeter property: jmeter.save.saveservice.assertion_results=all
2017-05-21 15:34:52,384 INFO o.a.j.JMeter: Setting JMeter property: jmeter.save.saveservice.bytes=true
2017-05-21 15:34:52,384 INFO o.a.j.JMeter: Setting JMeter property: file_format.testlog=2.1
2017-05-21 15:34:52,384 INFO o.a.j.JMeter: Setting JMeter property: jmeter.save.saveservice.response_data.on_error=false
2017-05-21 15:34:52,388 INFO o.a.j.JMeter: Copyright (c) 1998-2017 The Apache Software Foundation
2017-05-21 15:34:52,388 INFO o.a.j.JMeter: Version 3.2 r1790748
2017-05-21 15:34:52,388 INFO o.a.j.JMeter: java.version=1.8.0_131
2017-05-21 15:34:52,388 INFO o.a.j.JMeter: java.vm.name=Java HotSpot(TM) 64-Bit Server VM
2017-05-21 15:34:52,388 INFO o.a.j.JMeter: os.name=Mac OS X
2017-05-21 15:34:52,388 INFO o.a.j.JMeter: os.arch=x86_64
2017-05-21 15:34:52,388 INFO o.a.j.JMeter: os.version=10.11.6
2017-05-21 15:34:52,388 INFO o.a.j.JMeter: file.encoding=UTF-8
2017-05-21 15:34:52,388 INFO o.a.j.JMeter: Max memory     =3817865216
2017-05-21 15:34:52,388 INFO o.a.j.JMeter: Available Processors =8
2017-05-21 15:34:52,391 INFO o.a.j.JMeter: Default Locale=English (United States)
2017-05-21 15:34:52,391 INFO o.a.j.JMeter: JMeter  Locale=English (United States)
2017-05-21 15:34:52,391 INFO o.a.j.JMeter: JMeterHome=/Applications/apache-jmeter-3.2
2017-05-21 15:34:52,391 INFO o.a.j.JMeter: user.dir  =/Applications/apache-jmeter-3.2/bin
2017-05-21 15:34:52,392 INFO o.a.j.JMeter: PWD       =/Applications/apache-jmeter-3.2/bin
2017-05-21 15:34:52,406 INFO o.a.j.JMeter: IP: 192.168.1.110 Name: Asmitas-MacBook-Pro.local FullName: 192.168.1.110
2017-05-21 15:34:52,411 INFO o.a.j.s.FileServer: Default base='/Applications/apache-jmeter-3.2/bin'
2017-05-21 15:34:52,411 INFO o.a.j.s.FileServer: Set new base='/Applications/apache-jmeter-3.2/extras'
2017-05-21 15:34:52,485 INFO o.a.j.s.SaveService: Testplan (JMX) version: 2.2. Testlog (JTL) version: 2.2
2017-05-21 15:34:52,494 INFO o.a.j.s.SaveService: Using SaveService properties file encoding UTF-8
2017-05-21 15:34:52,498 INFO o.a.j.s.SaveService: Using SaveService properties version 3.2
2017-05-21 15:34:52,502 INFO o.a.j.s.SaveService: Loading file: /Applications/apache-jmeter-3.2/extras/Students.jmx
2017-05-21 15:34:52,540 INFO o.a.j.p.h.s.HTTPSamplerBase: Parser for text/html is org.apache.jmeter.protocol.http.parser.LagartoBasedHtmlParser
2017-05-21 15:34:52,540 INFO o.a.j.p.h.s.HTTPSamplerBase: Parser for application/xhtml+xml is org.apache.jmeter.protocol.http.parser.LagartoBasedHtmlParser
2017-05-21 15:34:52,540 INFO o.a.j.p.h.s.HTTPSamplerBase: Parser for application/xml is org.apache.jmeter.protocol.http.parser.LagartoBasedHtmlParser
2017-05-21 15:34:52,540 INFO o.a.j.p.h.s.HTTPSamplerBase: Parser for text/xml is org.apache.jmeter.protocol.http.parser.LagartoBasedHtmlParser
2017-05-21 15:34:52,540 INFO o.a.j.p.h.s.HTTPSamplerBase: Parser for text/vnd.wap.wml is org.apache.jmeter.protocol.http.parser.RegexpHTMLParser
2017-05-21 15:34:52,540 INFO o.a.j.p.h.s.HTTPSamplerBase: Parser for text/css is org.apache.jmeter.protocol.http.parser.CssParser
2017-05-21 15:34:52,568 INFO o.a.j.JMeter: Creating summariser <summary>
2017-05-21 15:34:52,572 INFO o.a.j.e.StandardJMeterEngine: Running the test!
2017-05-21 15:34:52,573 INFO o.a.j.s.SampleEvent: List of sample_variables: []
2017-05-21 15:34:52,573 INFO o.a.j.s.SampleEvent: List of sample_variables: []
2017-05-21 15:34:52,577 INFO o.a.j.e.u.CompoundVariable: Note: Function class names must contain the string: '.functions.'
2017-05-21 15:34:52,577 INFO o.a.j.e.u.CompoundVariable: Note: Function class names must not contain the string: '.gui.'
2017-05-21 15:34:53,083 INFO o.a.j.JMeter: Running test (1495402493083)
2017-05-21 15:34:53,152 INFO o.a.j.e.StandardJMeterEngine: Starting ThreadGroup: 1 : Item API Perf Test
2017-05-21 15:34:53,152 INFO o.a.j.e.StandardJMeterEngine: Starting 2 threads for group Item API Perf Test.
2017-05-21 15:34:53,152 INFO o.a.j.e.StandardJMeterEngine: Thread will continue on error
2017-05-21 15:34:53,152 INFO o.a.j.t.ThreadGroup: Starting thread group... number=1 threads=2 ramp-up=5 perThread=2500.0 delayedStart=false
2017-05-21 15:34:53,157 INFO o.a.j.t.ThreadGroup: Started thread group number 1
2017-05-21 15:34:53,157 INFO o.a.j.e.StandardJMeterEngine: All thread groups have been started
2017-05-21 15:34:53,158 INFO o.a.j.t.JMeterThread: Thread started: Item API Perf Test 1-1
2017-05-21 15:34:53,171 INFO o.a.j.p.h.s.HTTPHCAbstractImpl: Local host = Asmitas-MacBook-Pro.local
2017-05-21 15:34:53,175 INFO o.a.j.p.h.s.HTTPHC4Impl: HTTP request retry count = 0
2017-05-21 15:34:53,181 INFO o.a.j.s.SampleResult: Note: Sample TimeStamps are START times
2017-05-21 15:34:53,181 INFO o.a.j.s.SampleResult: sampleresult.default.encoding is set to ISO-8859-1
2017-05-21 15:34:53,183 INFO o.a.j.s.SampleResult: sampleresult.useNanoTime=true
2017-05-21 15:34:53,183 INFO o.a.j.s.SampleResult: sampleresult.nanoThreadSleep=5000
2017-05-21 15:34:53,737 INFO o.a.j.t.JMeterThread: Thread is done: Item API Perf Test 1-1
2017-05-21 15:34:53,737 INFO o.a.j.t.JMeterThread: Thread finished: Item API Perf Test 1-1
2017-05-21 15:34:55,662 INFO o.a.j.t.JMeterThread: Thread started: Item API Perf Test 1-2
2017-05-21 15:34:56,039 INFO o.a.j.t.JMeterThread: Thread is done: Item API Perf Test 1-2
2017-05-21 15:34:56,039 INFO o.a.j.t.JMeterThread: Thread finished: Item API Perf Test 1-2
2017-05-21 15:34:56,039 INFO o.a.j.e.StandardJMeterEngine: Notifying test listeners of end of test
2017-05-21 15:34:56,040 INFO o.a.j.r.Summariser: summary =     10 in 00:00:03 =    3.4/s Avg:    76 Min:    47 Max:   156 Err:     0 (0.00%)
